app/build/intermediates/manifest_merge_blame_file/debug/manifest-merger-blame-debug-report.txt
1<?xml version="1.0" encoding="utf-8"?>
2<manifest xmlns:android="http://schemas.android.com/apk/res/android"
3    package="com.projectI.openglshadowdemo"
4    android:versionCode="1"
5    android:versionName="1.0" >
6
7    <uses-sdk
8        android:minSdkVersion="18"
8-->src\main\AndroidManifest.xml
9        android:targetSdkVersion="28" />
9-->src\main\AndroidManifest.xml
10
11    <uses-feature
11-->src\main\AndroidManifest.xml:5:5-78
12        android:glEsVersion="0x00020000"
12-->src\main\AndroidManifest.xml:5:19-51
13        android:required="true" />
13-->src\main\AndroidManifest.xml:5:52-75
14
15    <application
15-->src\main\AndroidManifest.xml:7:5-21:19
16        android:allowBackup="true"
16-->src\main\AndroidManifest.xml:8:9-35
17        android:appComponentFactory="android.support.v4.app.CoreComponentFactory"
17-->[com.android.support:support-compat:28.0.0] AndroidManifest.xml:22:18-91
18        android:debuggable="true"
19        android:icon="@drawable/shadow_ic_launcher"
19-->src\main\AndroidManifest.xml:9:9-52
20        android:label="@string/app_name"
20-->src\main\AndroidManifest.xml:10:9-41
21        android:testOnly="true"
22        android:theme="@android:style/Theme.NoTitleBar" >
22-->src\main\AndroidManifest.xml:11:9-56
23        <activity
23-->src\main\AndroidManifest.xml:12:9-20:20
24            android:name="com.projectI.openglshadowdemo.ShadowsActivity"
24-->src\main\AndroidManifest.xml:13:13-73
25            android:label="@string/app_name" >
25-->src\main\AndroidManifest.xml:14:13-45
26            <intent-filter>
26-->src\main\AndroidManifest.xml:15:13-19:29
27                <action android:name="android.intent.action.MAIN" />
27-->src\main\AndroidManifest.xml:16:17-69
27-->src\main\AndroidManifest.xml:16:25-66
28
29                <category android:name="android.intent.category.LAUNCHER" />
29-->src\main\AndroidManifest.xml:18:17-77
29-->src\main\AndroidManifest.xml:18:27-74
30            </intent-filter>
31        </activity>
32    </application>
33
34</manifest>